2023-10-13 06:01:54,145 INFO  [c.m.s.ProgrammeMain] Démarrage de l'application
2023-10-13 06:02:22,589 INFO  [c.m.s.Menu] Professeur principal ajouté : SANOGO Souleymane
2023-10-13 06:03:03,074 INFO  [c.m.s.Menu] Élève ajouté : KOFFI Serge
2023-10-13 06:03:12,570 INFO  [c.m.s.Menu] Élève ajouté : TRAORE Alain
2023-10-13 06:03:22,792 INFO  [c.m.s.Menu] Notes saisies pour tous les élèves
2023-10-13 06:03:32,493 INFO  [c.m.s.Menu] Notes saisies pour tous les élèves
2023-10-13 06:46:25,225 INFO  [c.m.s.ProgrammeMain] Démarrage de l'application
2023-10-13 06:46:36,621 INFO  [c.m.s.Menu] Professeur principal ajouté : SANOGO Souleymane
2023-10-13 06:46:49,416 INFO  [c.m.s.Menu] Élève ajouté : KOFFI Serge
2023-10-13 06:47:01,588 INFO  [c.m.s.Menu] Élève ajouté : TRAORE Alain
2023-10-13 06:47:29,360 ERROR [c.m.s.Classe]  Demandez à l'utilisateur de saisir les notes à nouveau si elles sont incorrectes
2023-10-13 06:56:27,498 INFO  [c.m.s.Classe] Classement généré et enregistré dans le fichier : classement-2023-10-13.txt
2023-10-13 06:56:27,520 INFO  [c.m.s.Classe] Bulletin généré en HTML et enregistré dans le fichier : bulletin-2023-10-13.html
2023-10-13 06:58:09,805 INFO  [c.m.s.Classe] Classement généré et enregistré dans le fichier : classement-2023-10-13.txt
2023-10-13 06:58:09,824 INFO  [c.m.s.Classe] Bulletin généré en HTML et enregistré dans le fichier : bulletin-2023-10-13.html
2023-10-13 07:02:04,424 INFO  [c.m.s.Classe] Classement généré et enregistré dans le fichier : classement-2023-10-13.txt
2023-10-13 07:02:04,442 INFO  [c.m.s.Classe] Bulletin généré en HTML et enregistré dans le fichier : bulletin-2023-10-13.html
2023-10-13 07:06:33,051 INFO  [c.m.s.Classe] Classement généré et enregistré dans le fichier : classement-2023-10-13.txt
2023-10-13 07:06:33,065 INFO  [c.m.s.Classe] Bulletin généré en HTML et enregistré dans le fichier : bulletin-2023-10-13.html
2023-10-13 07:10:17,458 INFO  [c.m.s.Classe] Classement généré et enregistré dans le fichier : classement-2023-10-13.txt
2023-10-13 07:10:17,476 INFO  [c.m.s.Classe] Bulletin généré en HTML et enregistré dans le fichier : bulletin-2023-10-13.html
2023-10-13 07:11:26,209 INFO  [c.m.s.Classe] Classement généré et enregistré dans le fichier : classement-2023-10-13.txt
2023-10-13 07:11:26,224 INFO  [c.m.s.Classe] Bulletin généré en HTML et enregistré dans le fichier : bulletin-2023-10-13.html
2023-10-13 07:12:06,876 INFO  [c.m.s.Classe] Classement généré et enregistré dans le fichier : classement-2023-10-13.txt
2023-10-13 07:12:06,889 INFO  [c.m.s.Classe] Bulletin généré en HTML et enregistré dans le fichier : bulletin-2023-10-13.html
2023-10-13 07:22:46,994 INFO  [c.m.s.Classe] Classement généré et enregistré dans le fichier : classement-2023-10-13.txt
2023-10-13 07:22:47,008 INFO  [c.m.s.Classe] Bulletin généré en HTML et enregistré dans le fichier : bulletin-2023-10-13.html
2023-10-13 07:26:00,276 INFO  [c.m.s.Classe] Classement généré et enregistré dans le fichier : classement-2023-10-13.txt
2023-10-13 07:26:00,298 INFO  [c.m.s.Classe] Bulletin généré en HTML et enregistré dans le fichier : bulletin-2023-10-13.html
2023-10-13 07:29:28,826 INFO  [c.m.s.Classe] Classement généré et enregistré dans le fichier : classement-2023-10-13.txt
2023-10-13 07:29:28,844 INFO  [c.m.s.Classe] Bulletin généré en HTML et enregistré dans le fichier : bulletin-2023-10-13.html
2023-10-13 07:34:47,598 INFO  [c.m.s.Classe] Classement généré et enregistré dans le fichier : classement-2023-10-13.txt
2023-10-13 07:34:47,617 INFO  [c.m.s.Classe] Bulletin généré en HTML et enregistré dans le fichier : bulletin-2023-10-13.html
